<?xml version="1.0" encoding="UTF-8"?>
<!-- Generated by org.testng.reporters.JUnitReportReporter -->
<testsuite skipped="0" hostname="LNLA0023" name="com.qait.tap.hristest.AutomationQAmaven.NewTest" tests="5" failures="0" timestamp="25 Jun 2018 11:13:01 GMT" time="4.297" errors="0">
  <testcase name="LaunchBrowser" time="0.220" classname="com.qait.tap.hristest.AutomationQAmaven.NewTest"/>
  <testcase name="CheckGreenBox" time="0.218" classname="com.qait.tap.hristest.AutomationQAmaven.NewTest"/>
  <testcase name="ColorChangeTest" time="1.709" classname="com.qait.tap.hristest.AutomationQAmaven.NewTest"/>
  <testcase name="DragingTest" time="0.369" classname="com.qait.tap.hristest.AutomationQAmaven.NewTest"/>
  <testcase name="TestPopUp" time="1.781" classname="com.qait.tap.hristest.AutomationQAmaven.NewTest"/>
</testsuite> <!-- com.qait.tap.hristest.AutomationQAmaven.NewTest -->
